<?xml version="1.0" encoding="UTF-8"?>
<!-- Generated by org.testng.reporters.JUnitReportReporter -->
<testsuite hostname="DESKTOP-N5CVH87" failures="0" tests="1" name="com.saucedemo.testcases.TC_SingInPage" time="14.789" errors="0" timestamp="2023-07-23T21:29:57 IST" skipped="0">
  <testcase classname="com.saucedemo.testcases.TC_SingInPage" name="verifyLogin" time="14.789"/>
</testsuite> <!-- com.saucedemo.testcases.TC_SingInPage -->
