<?xml version="1.0" encoding="UTF-8"?>
<!-- Generated by org.testng.reporters.JUnitReportReporter -->
<testsuite hostname="DESKTOP-N5CVH87" failures="0" tests="1" name="com.saucedemo.testcases.TC_HomePage" time="6.841" errors="0" timestamp="2023-07-10T13:50:27 IST" skipped="0">
  <testcase classname="com.saucedemo.testcases.TC_HomePage" name="homepageTest" time="6.841"/>
</testsuite> <!-- com.saucedemo.testcases.TC_HomePage -->
